Classic Timing Analyzer report for whowins
Sat Dec 14 16:53:52 2019
Quartus II Version 9.1 Build 350 03/24/2010 Service Pack 2 SJ Web Edition


---------------------
; Table of Contents ;
---------------------
  1. Legal Notice
  2. Timing Analyzer Summary
  3. Timing Analyzer Settings
  4. Parallel Compilation
  5. tpd
  6. Timing Analyzer Messages



----------------
; Legal Notice ;
----------------
Copyright (C) 1991-2010 Altera Corporation
Your use of Altera Corporation's design tools, logic functions 
and other software and tools, and its AMPP partner logic 
functions, and any output files from any of the foregoing 
(including device programming or simulation files), and any 
associated documentation or information are expressly subject 
to the terms and conditions of the Altera Program License 
Subscription Agreement, Altera MegaCore Function License 
Agreement, or other applicable license agreement, including, 
without limitation, that your use is for the sole purpose of 
programming logic devices manufactured by Altera and sold by 
Altera or its authorized distributors.  Please refer to the 
applicable agreement for further details.



+-----------------------------------------------------------------------------------------------------------------------+
; Timing Analyzer Summary                                                                                               ;
+------------------------------+-------+---------------+-------------+------+----+------------+----------+--------------+
; Type                         ; Slack ; Required Time ; Actual Time ; From ; To ; From Clock ; To Clock ; Failed Paths ;
+------------------------------+-------+---------------+-------------+------+----+------------+----------+--------------+
; Worst-case tpd               ; N/A   ; None          ; 13.148 ns   ; R    ; b0 ; --         ; --       ; 0            ;
; Total number of failed paths ;       ;               ;             ;      ;    ;            ;          ; 0            ;
+------------------------------+-------+---------------+-------------+------+----+------------+----------+--------------+


+-----------------------------------------------------------------------------------------------------------------------------------------------------+
; Timing Analyzer Settings                                                                                                                            ;
+------------------------------------------------------------------------------------------------------+--------------------+------+----+-------------+
; Option                                                                                               ; Setting            ; From ; To ; Entity Name ;
+------------------------------------------------------------------------------------------------------+--------------------+------+----+-------------+
; Device Name                                                                                          ; EP1C3T100C6        ;      ;    ;             ;
; Timing Models                                                                                        ; Final              ;      ;    ;             ;
; Default hold multicycle                                                                              ; Same as Multicycle ;      ;    ;             ;
; Cut paths between unrelated clock domains                                                            ; On                 ;      ;    ;             ;
; Cut off read during write signal paths                                                               ; On                 ;      ;    ;             ;
; Cut off feedback from I/O pins                                                                       ; On                 ;      ;    ;             ;
; Report Combined Fast/Slow Timing                                                                     ; Off                ;      ;    ;             ;
; Ignore Clock Settings                                                                                ; Off                ;      ;    ;             ;
; Analyze latches as synchronous elements                                                              ; On                 ;      ;    ;             ;
; Enable Recovery/Removal analysis                                                                     ; Off                ;      ;    ;             ;
; Enable Clock Latency                                                                                 ; Off                ;      ;    ;             ;
; Use TimeQuest Timing Analyzer                                                                        ; Off                ;      ;    ;             ;
; Number of source nodes to report per destination node                                                ; 10                 ;      ;    ;             ;
; Number of destination nodes to report                                                                ; 10                 ;      ;    ;             ;
; Number of paths to report                                                                            ; 200                ;      ;    ;             ;
; Report Minimum Timing Checks                                                                         ; Off                ;      ;    ;             ;
; Use Fast Timing Models                                                                               ; Off                ;      ;    ;             ;
; Report IO Paths Separately                                                                           ; Off                ;      ;    ;             ;
; Perform Multicorner Analysis                                                                         ; Off                ;      ;    ;             ;
; Reports the worst-case path for each clock domain and analysis                                       ; Off                ;      ;    ;             ;
; Reports worst-case timing paths for each clock domain and analysis                                   ; On                 ;      ;    ;             ;
; Specifies the maximum number of worst-case timing paths to report for each clock domain and analysis ; 100                ;      ;    ;             ;
; Removes common clock path pessimism (CCPP) during slack computation                                  ; Off                ;      ;    ;             ;
; Output I/O Timing Endpoint                                                                           ; Near End           ;      ;    ;             ;
+------------------------------------------------------------------------------------------------------+--------------------+------+----+-------------+


Parallel compilation was disabled, but you have multiple processors available. Enable parallel compilation to reduce compilation time.
+-------------------------------------+
; Parallel Compilation                ;
+----------------------------+--------+
; Processors                 ; Number ;
+----------------------------+--------+
; Number detected on machine ; 2      ;
; Maximum allowed            ; 1      ;
+----------------------------+--------+


+---------------------------------------------------------+
; tpd                                                     ;
+-------+-------------------+-----------------+------+----+
; Slack ; Required P2P Time ; Actual P2P Time ; From ; To ;
+-------+-------------------+-----------------+------+----+
; N/A   ; None              ; 13.148 ns       ; R    ; b0 ;
; N/A   ; None              ; 12.588 ns       ; OO   ; b0 ;
; N/A   ; None              ; 12.090 ns       ; SS   ; b0 ;
; N/A   ; None              ; 12.033 ns       ; O    ; b0 ;
; N/A   ; None              ; 11.985 ns       ; L    ; b0 ;
; N/A   ; None              ; 11.836 ns       ; P    ; b0 ;
; N/A   ; None              ; 11.788 ns       ; LL   ; b0 ;
; N/A   ; None              ; 11.730 ns       ; PP   ; b0 ;
; N/A   ; None              ; 10.954 ns       ; S    ; b0 ;
; N/A   ; None              ; 10.695 ns       ; R    ; b1 ;
; N/A   ; None              ; 10.017 ns       ; OO   ; b1 ;
; N/A   ; None              ; 9.843 ns        ; RR   ; b1 ;
; N/A   ; None              ; 9.790 ns        ; SS   ; b1 ;
; N/A   ; None              ; 9.494 ns        ; O    ; b1 ;
; N/A   ; None              ; 9.481 ns        ; L    ; b1 ;
; N/A   ; None              ; 9.238 ns        ; RR   ; b0 ;
; N/A   ; None              ; 9.155 ns        ; P    ; b1 ;
; N/A   ; None              ; 9.107 ns        ; LL   ; b1 ;
; N/A   ; None              ; 9.077 ns        ; S    ; b1 ;
; N/A   ; None              ; 8.169 ns        ; PP   ; b1 ;
+-------+-------------------+-----------------+------+----+


+--------------------------+
; Timing Analyzer Messages ;
+--------------------------+
Info: *******************************************************************
Info: Running Quartus II Classic Timing Analyzer
    Info: Version 9.1 Build 350 03/24/2010 Service Pack 2 SJ Web Edition
    Info: Processing started: Sat Dec 14 16:53:51 2019
Info: Command: quartus_tan --read_settings_files=off --write_settings_files=off whowins -c whowins --timing_analysis_only
Info: Longest tpd from source pin "R" to destination pin "b0" is 13.148 ns
    Info: 1: + IC(0.000 ns) + CELL(1.135 ns) = 1.135 ns; Loc. = PIN_40; Fanout = 3; PIN Node = 'R'
    Info: 2: + IC(5.170 ns) + CELL(0.454 ns) = 6.759 ns; Loc. = LC_X15_Y13_N6; Fanout = 1; COMB Node = 'inst17~0'
    Info: 3: + IC(0.345 ns) + CELL(0.454 ns) = 7.558 ns; Loc. = LC_X15_Y13_N2; Fanout = 1; COMB Node = 'inst17~2'
    Info: 4: + IC(1.711 ns) + CELL(0.340 ns) = 9.609 ns; Loc. = LC_X5_Y12_N2; Fanout = 1; COMB Node = 'inst17~3'
    Info: 5: + IC(1.905 ns) + CELL(1.634 ns) = 13.148 ns; Loc. = PIN_22; Fanout = 0; PIN Node = 'b0'
    Info: Total cell delay = 4.017 ns ( 30.55 % )
    Info: Total interconnect delay = 9.131 ns ( 69.45 % )
Info: Quartus II Classic Timing Analyzer was successful. 0 errors, 0 warnings
    Info: Peak virtual memory: 186 megabytes
    Info: Processing ended: Sat Dec 14 16:53:52 2019
    Info: Elapsed time: 00:00:01
    Info: Total CPU time (on all processors): 00:00:01


