Classic Timing Analyzer report for CounterWithReset
Fri Dec 20 19:44:28 2019
Quartus II Version 9.1 Build 350 03/24/2010 Service Pack 2 SJ Web Edition


---------------------
; Table of Contents ;
---------------------
  1. Legal Notice
  2. Timing Analyzer Summary
  3. Timing Analyzer Settings
  4. Clock Settings Summary
  5. Parallel Compilation
  6. Clock Setup: 'CLK'
  7. Clock Setup: 'whowon'
  8. tsu
  9. tco
 10. th
 11. Timing Analyzer Messages



----------------
; Legal Notice ;
----------------
Copyright (C) 1991-2010 Altera Corporation
Your use of Altera Corporation's design tools, logic functions 
and other software and tools, and its AMPP partner logic 
functions, and any output files from any of the foregoing 
(including device programming or simulation files), and any 
associated documentation or information are expressly subject 
to the terms and conditions of the Altera Program License 
Subscription Agreement, Altera MegaCore Function License 
Agreement, or other applicable license agreement, including, 
without limitation, that your use is for the sole purpose of 
programming logic devices manufactured by Altera and sold by 
Altera or its authorized distributors.  Please refer to the 
applicable agreement for further details.



+--------------------------------------------------------------------------------------------------------------------------------------------------------------+
; Timing Analyzer Summary                                                                                                                                      ;
+------------------------------+-------+---------------+------------------------------------------------+-------+-------+------------+----------+--------------+
; Type                         ; Slack ; Required Time ; Actual Time                                    ; From  ; To    ; From Clock ; To Clock ; Failed Paths ;
+------------------------------+-------+---------------+------------------------------------------------+-------+-------+------------+----------+--------------+
; Worst-case tsu               ; N/A   ; None          ; 4.113 ns                                       ; Reset ; inst6 ; --         ; CLK      ; 0            ;
; Worst-case tco               ; N/A   ; None          ; 8.313 ns                                       ; inst  ; b0    ; whowon     ; --       ; 0            ;
; Worst-case th                ; N/A   ; None          ; -4.072 ns                                      ; Reset ; inst6 ; --         ; CLK      ; 0            ;
; Clock Setup: 'whowon'        ; N/A   ; None          ; Restricted to 405.19 MHz ( period = 2.468 ns ) ; inst  ; inst  ; whowon     ; whowon   ; 0            ;
; Clock Setup: 'CLK'           ; N/A   ; None          ; Restricted to 405.19 MHz ( period = 2.468 ns ) ; inst  ; inst  ; CLK        ; CLK      ; 0            ;
; Total number of failed paths ;       ;               ;                                                ;       ;       ;            ;          ; 0            ;
+------------------------------+-------+---------------+------------------------------------------------+-------+-------+------------+----------+--------------+


+-----------------------------------------------------------------------------------------------------------------------------------------------------+
; Timing Analyzer Settings                                                                                                                            ;
+------------------------------------------------------------------------------------------------------+--------------------+------+----+-------------+
; Option                                                                                               ; Setting            ; From ; To ; Entity Name ;
+------------------------------------------------------------------------------------------------------+--------------------+------+----+-------------+
; Device Name                                                                                          ; EP1C3T100C6        ;      ;    ;             ;
; Timing Models                                                                                        ; Final              ;      ;    ;             ;
; Default hold multicycle                                                                              ; Same as Multicycle ;      ;    ;             ;
; Cut paths between unrelated clock domains                                                            ; On                 ;      ;    ;             ;
; Cut off read during write signal paths                                                               ; On                 ;      ;    ;             ;
; Cut off feedback from I/O pins                                                                       ; On                 ;      ;    ;             ;
; Report Combined Fast/Slow Timing                                                                     ; Off                ;      ;    ;             ;
; Ignore Clock Settings                                                                                ; Off                ;      ;    ;             ;
; Analyze latches as synchronous elements                                                              ; On                 ;      ;    ;             ;
; Enable Recovery/Removal analysis                                                                     ; Off                ;      ;    ;             ;
; Enable Clock Latency                                                                                 ; Off                ;      ;    ;             ;
; Use TimeQuest Timing Analyzer                                                                        ; Off                ;      ;    ;             ;
; Number of source nodes to report per destination node                                                ; 10                 ;      ;    ;             ;
; Number of destination nodes to report                                                                ; 10                 ;      ;    ;             ;
; Number of paths to report                                                                            ; 200                ;      ;    ;             ;
; Report Minimum Timing Checks                                                                         ; Off                ;      ;    ;             ;
; Use Fast Timing Models                                                                               ; Off                ;      ;    ;             ;
; Report IO Paths Separately                                                                           ; Off                ;      ;    ;             ;
; Perform Multicorner Analysis                                                                         ; Off                ;      ;    ;             ;
; Reports the worst-case path for each clock domain and analysis                                       ; Off                ;      ;    ;             ;
; Reports worst-case timing paths for each clock domain and analysis                                   ; On                 ;      ;    ;             ;
; Specifies the maximum number of worst-case timing paths to report for each clock domain and analysis ; 100                ;      ;    ;             ;
; Removes common clock path pessimism (CCPP) during slack computation                                  ; Off                ;      ;    ;             ;
; Output I/O Timing Endpoint                                                                           ; Near End           ;      ;    ;             ;
+------------------------------------------------------------------------------------------------------+--------------------+------+----+-------------+


+------------------------------------------------------------------------------------------------------------------------------------------------------------------------------------+
; Clock Settings Summary                                                                                                                                                             ;
+-----------------+--------------------+----------+------------------+---------------+--------------+----------+-----------------------+---------------------+--------+--------------+
; Clock Node Name ; Clock Setting Name ; Type     ; Fmax Requirement ; Early Latency ; Late Latency ; Based on ; Multiply Base Fmax by ; Divide Base Fmax by ; Offset ; Phase offset ;
+-----------------+--------------------+----------+------------------+---------------+--------------+----------+-----------------------+---------------------+--------+--------------+
; CLK             ;                    ; User Pin ; None             ; 0.000 ns      ; 0.000 ns     ; --       ; N/A                   ; N/A                 ; N/A    ;              ;
; whowon          ;                    ; User Pin ; None             ; 0.000 ns      ; 0.000 ns     ; --       ; N/A                   ; N/A                 ; N/A    ;              ;
+-----------------+--------------------+----------+------------------+---------------+--------------+----------+-----------------------+---------------------+--------+--------------+


Parallel compilation was disabled, but you have multiple processors available. Enable parallel compilation to reduce compilation time.
+-------------------------------------+
; Parallel Compilation                ;
+----------------------------+--------+
; Processors                 ; Number ;
+----------------------------+--------+
; Number detected on machine ; 2      ;
; Maximum allowed            ; 1      ;
+----------------------------+--------+


+------------------------------------------------------------------------------------------------------------------------------------------------------------------------------------+
; Clock Setup: 'CLK'                                                                                                                                                                 ;
+-------+------------------------------------------------+-------+-------+------------+----------+-----------------------------+---------------------------+-------------------------+
; Slack ; Actual fmax (period)                           ; From  ; To    ; From Clock ; To Clock ; Required Setup Relationship ; Required Longest P2P Time ; Actual Longest P2P Time ;
+-------+------------------------------------------------+-------+-------+------------+----------+-----------------------------+---------------------------+-------------------------+
; N/A   ; Restricted to 405.19 MHz ( period = 2.468 ns ) ; inst  ; inst  ; CLK        ; CLK      ; None                        ; None                      ; 0.645 ns                ;
; N/A   ; Restricted to 405.19 MHz ( period = 2.468 ns ) ; inst2 ; inst2 ; CLK        ; CLK      ; None                        ; None                      ; 0.641 ns                ;
+-------+------------------------------------------------+-------+-------+------------+----------+-----------------------------+---------------------------+-------------------------+


+------------------------------------------------------------------------------------------------------------------------------------------------------------------------------------+
; Clock Setup: 'whowon'                                                                                                                                                              ;
+-------+------------------------------------------------+-------+-------+------------+----------+-----------------------------+---------------------------+-------------------------+
; Slack ; Actual fmax (period)                           ; From  ; To    ; From Clock ; To Clock ; Required Setup Relationship ; Required Longest P2P Time ; Actual Longest P2P Time ;
+-------+------------------------------------------------+-------+-------+------------+----------+-----------------------------+---------------------------+-------------------------+
; N/A   ; Restricted to 405.19 MHz ( period = 2.468 ns ) ; inst  ; inst  ; whowon     ; whowon   ; None                        ; None                      ; 0.645 ns                ;
; N/A   ; Restricted to 405.19 MHz ( period = 2.468 ns ) ; inst2 ; inst2 ; whowon     ; whowon   ; None                        ; None                      ; 0.641 ns                ;
+-------+------------------------------------------------+-------+-------+------------+----------+-----------------------------+---------------------------+-------------------------+


+--------------------------------------------------------------+
; tsu                                                          ;
+-------+--------------+------------+-------+-------+----------+
; Slack ; Required tsu ; Actual tsu ; From  ; To    ; To Clock ;
+-------+--------------+------------+-------+-------+----------+
; N/A   ; None         ; 4.113 ns   ; Reset ; inst6 ; CLK      ;
+-------+--------------+------------+-------+-------+----------+


+-------------------------------------------------------------+
; tco                                                         ;
+-------+--------------+------------+-------+----+------------+
; Slack ; Required tco ; Actual tco ; From  ; To ; From Clock ;
+-------+--------------+------------+-------+----+------------+
; N/A   ; None         ; 8.313 ns   ; inst  ; b0 ; whowon     ;
; N/A   ; None         ; 7.892 ns   ; inst  ; b0 ; CLK        ;
; N/A   ; None         ; 7.668 ns   ; inst2 ; b1 ; whowon     ;
; N/A   ; None         ; 7.247 ns   ; inst2 ; b1 ; CLK        ;
+-------+--------------+------------+-------+----+------------+


+--------------------------------------------------------------------+
; th                                                                 ;
+---------------+-------------+-----------+-------+-------+----------+
; Minimum Slack ; Required th ; Actual th ; From  ; To    ; To Clock ;
+---------------+-------------+-----------+-------+-------+----------+
; N/A           ; None        ; -4.072 ns ; Reset ; inst6 ; CLK      ;
+---------------+-------------+-----------+-------+-------+----------+


+--------------------------+
; Timing Analyzer Messages ;
+--------------------------+
Info: *******************************************************************
Info: Running Quartus II Classic Timing Analyzer
    Info: Version 9.1 Build 350 03/24/2010 Service Pack 2 SJ Web Edition
    Info: Processing started: Fri Dec 20 19:44:27 2019
Info: Command: quartus_tan --read_settings_files=off --write_settings_files=off CounterWithReset -c CounterWithReset --timing_analysis_only
Warning: Found pins functioning as undefined clocks and/or memory enables
    Info: Assuming node "CLK" is an undefined clock
    Info: Assuming node "whowon" is an undefined clock
Warning: Found 2 node(s) in clock paths which may be acting as ripple and/or gated clocks -- node(s) analyzed as buffer(s) resulting in clock skew
    Info: Detected gated clock "inst1" as buffer
    Info: Detected ripple clock "inst" as buffer
Info: Clock "CLK" Internal fmax is restricted to 405.19 MHz between source register "inst" and destination register "inst"
    Info: fmax restricted to Clock High delay (1.234 ns) plus Clock Low delay (1.234 ns) : restricted to 2.468 ns. Expand message to see actual delay path.
        Info: + Longest register to register delay is 0.645 ns
            Info: 1: + IC(0.000 ns) + CELL(0.000 ns) = 0.000 ns; Loc. = LC_X1_Y10_N3; Fanout = 3; REG Node = 'inst'
            Info: 2: + IC(0.407 ns) + CELL(0.238 ns) = 0.645 ns; Loc. = LC_X1_Y10_N3; Fanout = 3; REG Node = 'inst'
            Info: Total cell delay = 0.238 ns ( 36.90 % )
            Info: Total interconnect delay = 0.407 ns ( 63.10 % )
        Info: - Smallest clock skew is 0.000 ns
            Info: + Shortest clock path from clock "CLK" to destination register is 3.060 ns
                Info: 1: + IC(0.000 ns) + CELL(1.130 ns) = 1.130 ns; Loc. = PIN_4; Fanout = 2; CLK Node = 'CLK'
                Info: 2: + IC(0.946 ns) + CELL(0.088 ns) = 2.164 ns; Loc. = LC_X1_Y10_N2; Fanout = 1; COMB Node = 'inst1'
                Info: 3: + IC(0.349 ns) + CELL(0.547 ns) = 3.060 ns; Loc. = LC_X1_Y10_N3; Fanout = 3; REG Node = 'inst'
                Info: Total cell delay = 1.765 ns ( 57.68 % )
                Info: Total interconnect delay = 1.295 ns ( 42.32 % )
            Info: - Longest clock path from clock "CLK" to source register is 3.060 ns
                Info: 1: + IC(0.000 ns) + CELL(1.130 ns) = 1.130 ns; Loc. = PIN_4; Fanout = 2; CLK Node = 'CLK'
                Info: 2: + IC(0.946 ns) + CELL(0.088 ns) = 2.164 ns; Loc. = LC_X1_Y10_N2; Fanout = 1; COMB Node = 'inst1'
                Info: 3: + IC(0.349 ns) + CELL(0.547 ns) = 3.060 ns; Loc. = LC_X1_Y10_N3; Fanout = 3; REG Node = 'inst'
                Info: Total cell delay = 1.765 ns ( 57.68 % )
                Info: Total interconnect delay = 1.295 ns ( 42.32 % )
        Info: + Micro clock to output delay of source is 0.173 ns
        Info: + Micro setup delay of destination is 0.029 ns
Info: Clock "whowon" Internal fmax is restricted to 405.19 MHz between source register "inst" and destination register "inst"
    Info: fmax restricted to Clock High delay (1.234 ns) plus Clock Low delay (1.234 ns) : restricted to 2.468 ns. Expand message to see actual delay path.
        Info: + Longest register to register delay is 0.645 ns
            Info: 1: + IC(0.000 ns) + CELL(0.000 ns) = 0.000 ns; Loc. = LC_X1_Y10_N3; Fanout = 3; REG Node = 'inst'
            Info: 2: + IC(0.407 ns) + CELL(0.238 ns) = 0.645 ns; Loc. = LC_X1_Y10_N3; Fanout = 3; REG Node = 'inst'
            Info: Total cell delay = 0.238 ns ( 36.90 % )
            Info: Total interconnect delay = 0.407 ns ( 63.10 % )
        Info: - Smallest clock skew is 0.000 ns
            Info: + Shortest clock path from clock "whowon" to destination register is 3.481 ns
                Info: 1: + IC(0.000 ns) + CELL(1.130 ns) = 1.130 ns; Loc. = PIN_10; Fanout = 1; CLK Node = 'whowon'
                Info: 2: + IC(1.230 ns) + CELL(0.225 ns) = 2.585 ns; Loc. = LC_X1_Y10_N2; Fanout = 1; COMB Node = 'inst1'
                Info: 3: + IC(0.349 ns) + CELL(0.547 ns) = 3.481 ns; Loc. = LC_X1_Y10_N3; Fanout = 3; REG Node = 'inst'
                Info: Total cell delay = 1.902 ns ( 54.64 % )
                Info: Total interconnect delay = 1.579 ns ( 45.36 % )
            Info: - Longest clock path from clock "whowon" to source register is 3.481 ns
                Info: 1: + IC(0.000 ns) + CELL(1.130 ns) = 1.130 ns; Loc. = PIN_10; Fanout = 1; CLK Node = 'whowon'
                Info: 2: + IC(1.230 ns) + CELL(0.225 ns) = 2.585 ns; Loc. = LC_X1_Y10_N2; Fanout = 1; COMB Node = 'inst1'
                Info: 3: + IC(0.349 ns) + CELL(0.547 ns) = 3.481 ns; Loc. = LC_X1_Y10_N3; Fanout = 3; REG Node = 'inst'
                Info: Total cell delay = 1.902 ns ( 54.64 % )
                Info: Total interconnect delay = 1.579 ns ( 45.36 % )
        Info: + Micro clock to output delay of source is 0.173 ns
        Info: + Micro setup delay of destination is 0.029 ns
Info: tsu for register "inst6" (data pin = "Reset", clock pin = "CLK") is 4.113 ns
    Info: + Longest pin to register delay is 6.708 ns
        Info: 1: + IC(0.000 ns) + CELL(1.135 ns) = 1.135 ns; Loc. = PIN_38; Fanout = 1; PIN Node = 'Reset'
        Info: 2: + IC(5.484 ns) + CELL(0.089 ns) = 6.708 ns; Loc. = LC_X3_Y11_N2; Fanout = 2; REG Node = 'inst6'
        Info: Total cell delay = 1.224 ns ( 18.25 % )
        Info: Total interconnect delay = 5.484 ns ( 81.75 % )
    Info: + Micro setup delay of destination is 0.029 ns
    Info: - Shortest clock path from clock "CLK" to destination register is 2.624 ns
        Info: 1: + IC(0.000 ns) + CELL(1.130 ns) = 1.130 ns; Loc. = PIN_4; Fanout = 2; CLK Node = 'CLK'
        Info: 2: + IC(0.947 ns) + CELL(0.547 ns) = 2.624 ns; Loc. = LC_X3_Y11_N2; Fanout = 2; REG Node = 'inst6'
        Info: Total cell delay = 1.677 ns ( 63.91 % )
        Info: Total interconnect delay = 0.947 ns ( 36.09 % )
Info: tco from clock "whowon" to destination pin "b0" through register "inst" is 8.313 ns
    Info: + Longest clock path from clock "whowon" to source register is 3.481 ns
        Info: 1: + IC(0.000 ns) + CELL(1.130 ns) = 1.130 ns; Loc. = PIN_10; Fanout = 1; CLK Node = 'whowon'
        Info: 2: + IC(1.230 ns) + CELL(0.225 ns) = 2.585 ns; Loc. = LC_X1_Y10_N2; Fanout = 1; COMB Node = 'inst1'
        Info: 3: + IC(0.349 ns) + CELL(0.547 ns) = 3.481 ns; Loc. = LC_X1_Y10_N3; Fanout = 3; REG Node = 'inst'
        Info: Total cell delay = 1.902 ns ( 54.64 % )
        Info: Total interconnect delay = 1.579 ns ( 45.36 % )
    Info: + Micro clock to output delay of source is 0.173 ns
    Info: + Longest register to pin delay is 4.659 ns
        Info: 1: + IC(0.000 ns) + CELL(0.000 ns) = 0.000 ns; Loc. = LC_X1_Y10_N3; Fanout = 3; REG Node = 'inst'
        Info: 2: + IC(3.025 ns) + CELL(1.634 ns) = 4.659 ns; Loc. = PIN_73; Fanout = 0; PIN Node = 'b0'
        Info: Total cell delay = 1.634 ns ( 35.07 % )
        Info: Total interconnect delay = 3.025 ns ( 64.93 % )
Info: th for register "inst6" (data pin = "Reset", clock pin = "CLK") is -4.072 ns
    Info: + Longest clock path from clock "CLK" to destination register is 2.624 ns
        Info: 1: + IC(0.000 ns) + CELL(1.130 ns) = 1.130 ns; Loc. = PIN_4; Fanout = 2; CLK Node = 'CLK'
        Info: 2: + IC(0.947 ns) + CELL(0.547 ns) = 2.624 ns; Loc. = LC_X3_Y11_N2; Fanout = 2; REG Node = 'inst6'
        Info: Total cell delay = 1.677 ns ( 63.91 % )
        Info: Total interconnect delay = 0.947 ns ( 36.09 % )
    Info: + Micro hold delay of destination is 0.012 ns
    Info: - Shortest pin to register delay is 6.708 ns
        Info: 1: + IC(0.000 ns) + CELL(1.135 ns) = 1.135 ns; Loc. = PIN_38; Fanout = 1; PIN Node = 'Reset'
        Info: 2: + IC(5.484 ns) + CELL(0.089 ns) = 6.708 ns; Loc. = LC_X3_Y11_N2; Fanout = 2; REG Node = 'inst6'
        Info: Total cell delay = 1.224 ns ( 18.25 % )
        Info: Total interconnect delay = 5.484 ns ( 81.75 % )
Info: Quartus II Classic Timing Analyzer was successful. 0 errors, 2 warnings
    Info: Peak virtual memory: 186 megabytes
    Info: Processing ended: Fri Dec 20 19:44:28 2019
    Info: Elapsed time: 00:00:01
    Info: Total CPU time (on all processors): 00:00:01


