Classic Timing Analyzer report for whowins
Fri Dec 20 19:37:53 2019
Quartus II Version 9.1 Build 350 03/24/2010 Service Pack 2 SJ Web Edition


---------------------
; Table of Contents ;
---------------------
  1. Legal Notice
  2. Timing Analyzer Summary
  3. Timing Analyzer Settings
  4. Parallel Compilation
  5. tpd
  6. Timing Analyzer Messages



----------------
; Legal Notice ;
----------------
Copyright (C) 1991-2010 Altera Corporation
Your use of Altera Corporation's design tools, logic functions 
and other software and tools, and its AMPP partner logic 
functions, and any output files from any of the foregoing 
(including device programming or simulation files), and any 
associated documentation or information are expressly subject 
to the terms and conditions of the Altera Program License 
Subscription Agreement, Altera MegaCore Function License 
Agreement, or other applicable license agreement, including, 
without limitation, that your use is for the sole purpose of 
programming logic devices manufactured by Altera and sold by 
Altera or its authorized distributors.  Please refer to the 
applicable agreement for further details.



+-----------------------------------------------------------------------------------------------------------------------+
; Timing Analyzer Summary                                                                                               ;
+------------------------------+-------+---------------+-------------+------+----+------------+----------+--------------+
; Type                         ; Slack ; Required Time ; Actual Time ; From ; To ; From Clock ; To Clock ; Failed Paths ;
+------------------------------+-------+---------------+-------------+------+----+------------+----------+--------------+
; Worst-case tpd               ; N/A   ; None          ; 14.388 ns   ; P    ; b1 ; --         ; --       ; 0            ;
; Total number of failed paths ;       ;               ;             ;      ;    ;            ;          ; 0            ;
+------------------------------+-------+---------------+-------------+------+----+------------+----------+--------------+


+-----------------------------------------------------------------------------------------------------------------------------------------------------+
; Timing Analyzer Settings                                                                                                                            ;
+------------------------------------------------------------------------------------------------------+--------------------+------+----+-------------+
; Option                                                                                               ; Setting            ; From ; To ; Entity Name ;
+------------------------------------------------------------------------------------------------------+--------------------+------+----+-------------+
; Device Name                                                                                          ; EP1C3T100C6        ;      ;    ;             ;
; Timing Models                                                                                        ; Final              ;      ;    ;             ;
; Default hold multicycle                                                                              ; Same as Multicycle ;      ;    ;             ;
; Cut paths between unrelated clock domains                                                            ; On                 ;      ;    ;             ;
; Cut off read during write signal paths                                                               ; On                 ;      ;    ;             ;
; Cut off feedback from I/O pins                                                                       ; On                 ;      ;    ;             ;
; Report Combined Fast/Slow Timing                                                                     ; Off                ;      ;    ;             ;
; Ignore Clock Settings                                                                                ; Off                ;      ;    ;             ;
; Analyze latches as synchronous elements                                                              ; On                 ;      ;    ;             ;
; Enable Recovery/Removal analysis                                                                     ; Off                ;      ;    ;             ;
; Enable Clock Latency                                                                                 ; Off                ;      ;    ;             ;
; Use TimeQuest Timing Analyzer                                                                        ; Off                ;      ;    ;             ;
; Number of source nodes to report per destination node                                                ; 10                 ;      ;    ;             ;
; Number of destination nodes to report                                                                ; 10                 ;      ;    ;             ;
; Number of paths to report                                                                            ; 200                ;      ;    ;             ;
; Report Minimum Timing Checks                                                                         ; Off                ;      ;    ;             ;
; Use Fast Timing Models                                                                               ; Off                ;      ;    ;             ;
; Report IO Paths Separately                                                                           ; Off                ;      ;    ;             ;
; Perform Multicorner Analysis                                                                         ; Off                ;      ;    ;             ;
; Reports the worst-case path for each clock domain and analysis                                       ; Off                ;      ;    ;             ;
; Reports worst-case timing paths for each clock domain and analysis                                   ; On                 ;      ;    ;             ;
; Specifies the maximum number of worst-case timing paths to report for each clock domain and analysis ; 100                ;      ;    ;             ;
; Removes common clock path pessimism (CCPP) during slack computation                                  ; Off                ;      ;    ;             ;
; Output I/O Timing Endpoint                                                                           ; Near End           ;      ;    ;             ;
+------------------------------------------------------------------------------------------------------+--------------------+------+----+-------------+


Parallel compilation was disabled, but you have multiple processors available. Enable parallel compilation to reduce compilation time.
+-------------------------------------+
; Parallel Compilation                ;
+----------------------------+--------+
; Processors                 ; Number ;
+----------------------------+--------+
; Number detected on machine ; 2      ;
; Maximum allowed            ; 1      ;
+----------------------------+--------+


+---------------------------------------------------------+
; tpd                                                     ;
+-------+-------------------+-----------------+------+----+
; Slack ; Required P2P Time ; Actual P2P Time ; From ; To ;
+-------+-------------------+-----------------+------+----+
; N/A   ; None              ; 14.388 ns       ; P    ; b1 ;
; N/A   ; None              ; 14.127 ns       ; P    ; b0 ;
; N/A   ; None              ; 13.563 ns       ; L    ; b0 ;
; N/A   ; None              ; 12.892 ns       ; OO   ; b1 ;
; N/A   ; None              ; 12.828 ns       ; O    ; b0 ;
; N/A   ; None              ; 12.754 ns       ; R    ; b0 ;
; N/A   ; None              ; 12.672 ns       ; R    ; b1 ;
; N/A   ; None              ; 12.631 ns       ; OO   ; b0 ;
; N/A   ; None              ; 12.513 ns       ; PP   ; b0 ;
; N/A   ; None              ; 11.925 ns       ; S    ; b0 ;
; N/A   ; None              ; 11.852 ns       ; RR   ; b0 ;
; N/A   ; None              ; 11.846 ns       ; S    ; b1 ;
; N/A   ; None              ; 11.683 ns       ; L    ; b1 ;
; N/A   ; None              ; 11.301 ns       ; SS   ; b0 ;
; N/A   ; None              ; 11.102 ns       ; O    ; b1 ;
; N/A   ; None              ; 10.762 ns       ; LL   ; b0 ;
; N/A   ; None              ; 10.718 ns       ; RR   ; b1 ;
; N/A   ; None              ; 10.611 ns       ; SS   ; b1 ;
; N/A   ; None              ; 10.591 ns       ; LL   ; b1 ;
; N/A   ; None              ; 10.461 ns       ; PP   ; b1 ;
+-------+-------------------+-----------------+------+----+


+--------------------------+
; Timing Analyzer Messages ;
+--------------------------+
Info: *******************************************************************
Info: Running Quartus II Classic Timing Analyzer
    Info: Version 9.1 Build 350 03/24/2010 Service Pack 2 SJ Web Edition
    Info: Processing started: Fri Dec 20 19:37:53 2019
Info: Command: quartus_tan --read_settings_files=off --write_settings_files=off whowins -c whowins --timing_analysis_only
Info: Longest tpd from source pin "P" to destination pin "b1" is 14.388 ns
    Info: 1: + IC(0.000 ns) + CELL(1.135 ns) = 1.135 ns; Loc. = PIN_100; Fanout = 4; PIN Node = 'P'
    Info: 2: + IC(6.113 ns) + CELL(0.454 ns) = 7.702 ns; Loc. = LC_X21_Y11_N4; Fanout = 2; COMB Node = 'inst11~0'
    Info: 3: + IC(0.944 ns) + CELL(0.454 ns) = 9.100 ns; Loc. = LC_X21_Y10_N6; Fanout = 2; COMB Node = 'inst17~0'
    Info: 4: + IC(0.934 ns) + CELL(0.340 ns) = 10.374 ns; Loc. = LC_X21_Y11_N5; Fanout = 1; COMB Node = 'inst20~0'
    Info: 5: + IC(0.322 ns) + CELL(0.340 ns) = 11.036 ns; Loc. = LC_X21_Y11_N2; Fanout = 1; COMB Node = 'inst20~2'
    Info: 6: + IC(1.730 ns) + CELL(1.622 ns) = 14.388 ns; Loc. = PIN_48; Fanout = 0; PIN Node = 'b1'
    Info: Total cell delay = 4.345 ns ( 30.20 % )
    Info: Total interconnect delay = 10.043 ns ( 69.80 % )
Info: Quartus II Classic Timing Analyzer was successful. 0 errors, 0 warnings
    Info: Peak virtual memory: 186 megabytes
    Info: Processing ended: Fri Dec 20 19:37:53 2019
    Info: Elapsed time: 00:00:00
    Info: Total CPU time (on all processors): 00:00:01


